[2022-11-15 02:14:01,955] {INFO} __main__: #17 - 5.5
[2022-11-15 02:16:33,040] {INFO} __main__: #19 - 5.5
[2022-11-15 02:16:46,468] {INFO} __main__: #19 - 5.5
[2022-11-15 02:17:04,347] {INFO} __main__: #19 - 5.5
[2022-11-15 02:18:28,934] {INFO} __main__: #19 - 5.0
[2022-11-15 02:23:44,845] {INFO} __main__: #19 - 300
[2022-11-15 02:23:50,496] {INFO} __main__: #21 - 20
[2022-11-15 02:23:50,497] {INFO} __main__: #23 - 15.0
[2022-11-15 02:29:00,363] {INFO} __main__: #20 - 10
[2022-11-15 02:29:01,519] {INFO} __main__: #22 - 20
[2022-11-15 02:29:01,519] {INFO} __main__: #24 - 0.5
[2022-11-15 02:29:33,290] {INFO} __main__: #22 - 0.5
[2022-11-15 02:31:22,343] {INFO} __main__: #17 - 10
[2022-11-15 02:31:23,470] {INFO} __main__: #19 - 20
[2022-11-15 02:31:23,470] {INFO} __main__: #21 - 0.5
[2022-11-19 15:38:30,422] {INFO} logger: #10 - You are in battle against Carluna!
[2022-11-19 15:39:18,482] {INFO} logger: #12 - 'Pikachu
[2022-11-19 15:55:20,076] {INFO} logger: #10 - You are in battle against Carluna!
[2022-11-19 15:55:24,142] {INFO} logger: #12 - You chose 'Pikachu!
[2022-11-19 15:55:49,064] {INFO} logger: #10 - You are in battle against Carluna!
[2022-11-19 15:56:40,929] {INFO} logger: #10 - James is in battle against Carluna!
[2022-11-19 15:56:49,817] {INFO} logger: #12 - You chose Pikachu!
